INFO:sim:172 - Generating IP...
Applying current project options...
Finished applying current project options.
WARNING:sim - A core named 'clockManager' already exists in the project. Output
   products for this core may be overwritten.
Resolving generics for 'clockManager'...
WARNING:sim - A core named 'clockManager' already exists in the project. Output
   products for this core may be overwritten.
Applying external generics to 'clockManager'...
Delivering associated files for 'clockManager'...
WARNING:sim - Component clk_wiz_v3_6 does not have a valid model name for
   Verilog synthesis
Delivering EJava files for 'clockManager'...
Delivered 3 files into directory
D:/university/fpga/project/image_processing/ipcore_dir/tmp/_cg/clockManager
Delivered 1 file into directory
D:/university/fpga/project/image_processing/ipcore_dir/tmp/_cg/clockManager
Generating ASY schematic symbol...
Loading device for application Rf_Device from file '6slx100.nph' in environment
C:\Xilinx\14.7\ISE_DS\ISE\.
INFO:sim:949 - Finished generation of ASY schematic symbol.
Generating SYM schematic symbol for 'clockManager'...
Generating ISE project...
XCO file found: clockManager.xco
XMDF file found: clockManager_xmdf.tcl
Adding
D:/university/fpga/project/image_processing/ipcore_dir/tmp/_cg/clockManager.asy
-view all -origin_type imported
Adding
D:/university/fpga/project/image_processing/ipcore_dir/tmp/_cg/clockManager.ucf
-view all -origin_type created
Adding
D:/university/fpga/project/image_processing/ipcore_dir/tmp/_cg/clockManager.v
-view all -origin_type created
INFO:HDLCompiler:1845 - Analyzing Verilog file
   "D:/university/fpga/project/image_processing/ipcore_dir/tmp/_cg/clockManager.
   v" into library work
INFO:ProjectMgmt - Parsing design hierarchy completed successfully.
Adding
D:/university/fpga/project/image_processing/ipcore_dir/tmp/_cg/clockManager.veo
-view all -origin_type imported
INFO:TclTasksC:2116 - The automatic calculation of top has been turned-off.
   Please set the new top explicitly by running the "project set top" command.
   To re-calculate the new top automatically, set the "Auto Implementation Top"
   property to true.
Top level has been set to "/clockManager"
Generating README file...
Generating FLIST file...
INFO:sim:948 - Finished FLIST file generation.
Launching README viewer...
Moving files to output directory...
Finished moving files to output directory
Wrote CGP file for project 'clockManager'.
